<?xml version="1.0" encoding="UTF-8"?>
<testsuite xmlns:xsi="http://www.w3.org/2001/XMLSchema-instance" xsi:noNamespaceSchemaLocation="https://maven.apache.org/surefire/maven-surefire-plugin/xsd/surefire-test-report.xsd" version="3.0.1" name="TestSuite" time="25.436" tests="4" errors="0" skipped="0" failures="1">
  <properties>
[...]
</properties>
  <testcase name="runScenario[&quot;Verify the succcessful Login functionality of DemoBlaze using valid credentails&quot;, &quot;Login feature test scenarios of DemoBlaze application&quot;](1)" classname="runners.TestRunner1" time="6.135">
    <system-out><![CDATA[Browser passed from command line argument is:=null
Clicking on the locator:=By.id: login2
Setting the text:=bharathedu1 in the locator:=By.id: loginusername
Setting the text:=123456 in the locator:=By.id: loginpassword
Clicking on the locator:=By.xpath: //button[text()='Log in']
Text of the element is:=

]]></system-out>
    <system-err><![CDATA[SLF4J(W): No SLF4J providers were found.
SLF4J(W): Defaulting to no-operation (NOP) logger implementation
SLF4J(W): See https://www.slf4j.org/codes.html#noProviders for further details.
]]></system-err>
  </testcase>
  <testcase name="runScenario[&quot;Verify the Login functionality of DemoBlaze using invalid credentails&quot;, &quot;Login feature test scenarios of DemoBlaze application&quot;](2)" classname="runners.TestRunner1" time="5.115">
    <failure message="expected [User does not exis] but found [User does not exist.]" type="java.lang.AssertionError"><![CDATA[java.lang.AssertionError: expected [User does not exis] but found [User does not exist.]
	at org.testng.Assert.fail(Assert.java:111)
	at org.testng.Assert.failNotEquals(Assert.java:1590)
	at org.testng.Assert.assertEqualsImpl(Assert.java:150)
	at org.testng.Assert.assertEquals(Assert.java:132)
	at org.testng.Assert.assertEquals(Assert.java:656)
	at org.testng.Assert.assertEquals(Assert.java:666)
	at steps.StepDefination.alert_message_with_error_should_be_shown_to_the_user(StepDefination.java:63)
	at ✽.Alert message with error should be shown to the user(file:///D:/edureka17/workspace/seleniumbddmvnproject/features/Login.feature:20)
]]></failure>
    <system-out><![CDATA[Browser passed from command line argument is:=null
Clicking on the locator:=By.id: login2
Setting the text:=bhar232athedu1 in the locator:=By.id: loginusername
Setting the text:=899812 in the locator:=By.id: loginpassword
Clicking on the locator:=By.xpath: //button[text()='Log in']
Getting the text from Alert popup
Alert message is:=User does not exist.
Accepting the alert
]]></system-out>
  </testcase>
  <testcase name="runScenario[&quot;Verify the succcessful Login functionality of DemoBlaze using valid credentails&quot;, &quot;Login feature test scenarios of DemoBlaze application&quot;](3)" classname="runners.TestRunner1" time="5.294">
    <system-out><![CDATA[Browser passed from command line argument is:=null
Clicking on the locator:=By.id: login2
Setting the text:=bharathedu1 in the locator:=By.id: loginusername
Setting the text:=123456 in the locator:=By.id: loginpassword
Clicking on the locator:=By.xpath: //button[text()='Log in']
Text of the element is:=

]]></system-out>
  </testcase>
  <testcase name="runScenario[&quot;Verify the succcessful Login functionality of DemoBlaze using valid credentails&quot;, &quot;Login feature test scenarios of DemoBlaze application&quot;](4)" classname="runners.TestRunner1" time="7.134">
    <system-out><![CDATA[Browser passed from command line argument is:=null
Clicking on the locator:=By.id: login2
Setting the text:=bharathedu2 in the locator:=By.id: loginusername
Setting the text:=welcome1 in the locator:=By.id: loginpassword
Clicking on the locator:=By.xpath: //button[text()='Log in']
Text of the element is:=

]]></system-out>
  </testcase>
</testsuite>