<?xml version="1.0" encoding="UTF-8"?>
<!-- Generated by org.testng.reporters.JUnitReportReporter -->
<testsuite hostname="DESKTOP-GRUJ0M8" failures="1" tests="4" name="runners.TestRunner1" time="23.675" errors="0" timestamp="2025-05-24T09:31:14 IST" skipped="0">
  <testcase classname="runners.TestRunner1" name="runScenario" time="7.135">
    <system-out>
      <![CDATA[Clicking on the locator:=By.id: login2
Setting the text:=bharathedu2 in the locator:=By.id: loginusername
Setting the text:=welcome1 in the locator:=By.id: loginpassword
Clicking on the locator:=By.xpath: //button[text()='Log in']
Text of the element is:=]]>
    </system-out>
  </testcase> <!-- runScenario -->
  <testcase classname="runners.TestRunner1" name="runScenario" time="5.101">
    <failure message="expected [User does not exis] but found [User does not exist.]" type="java.lang.AssertionError">
      <![CDATA[java.lang.AssertionError: expected [User does not exis] but found [User does not exist.]
at org.testng.Assert.fail(Assert.java:111)
at org.testng.Assert.failNotEquals(Assert.java:1590)
at org.testng.Assert.assertEqualsImpl(Assert.java:150)
at org.testng.Assert.assertEquals(Assert.java:132)
at org.testng.Assert.assertEquals(Assert.java:656)
at org.testng.Assert.assertEquals(Assert.java:666)
at steps.StepDefination.alert_message_with_error_should_be_shown_to_the_user(StepDefination.java:63)
at ✽.Alert message with error should be shown to the user(file:///D:/edureka17/workspace/seleniumbddmvnproject/features/Login.feature:20)
]]>
    </failure>
    <system-out>
      <![CDATA[Clicking on the locator:=By.id: login2
Setting the text:=bhar232athedu1 in the locator:=By.id: loginusername
Setting the text:=899812 in the locator:=By.id: loginpassword
Clicking on the locator:=By.xpath: //button[text()='Log in']
Getting the text from Alert popup
Alert message is:=User does not exist.
Accepting the alert]]>
    </system-out>
  </testcase> <!-- runScenario -->
  <testcase classname="runners.TestRunner1" name="runScenario" time="6.137">
    <system-out>
      <![CDATA[Clicking on the locator:=By.id: login2
Setting the text:=bharathedu1 in the locator:=By.id: loginusername
Setting the text:=123456 in the locator:=By.id: loginpassword
Clicking on the locator:=By.xpath: //button[text()='Log in']
Text of the element is:=]]>
    </system-out>
  </testcase> <!-- runScenario -->
  <testcase classname="runners.TestRunner1" name="runScenario" time="5.302">
    <system-out>
      <![CDATA[Clicking on the locator:=By.id: login2
Setting the text:=bharathedu1 in the locator:=By.id: loginusername
Setting the text:=123456 in the locator:=By.id: loginpassword
Clicking on the locator:=By.xpath: //button[text()='Log in']
Text of the element is:=]]>
    </system-out>
  </testcase> <!-- runScenario -->
  <system-out>
    <![CDATA[Clicking on the locator:=By.id: login2
Setting the text:=bharathedu1 in the locator:=By.id: loginusername
Setting the text:=123456 in the locator:=By.id: loginpassword
Clicking on the locator:=By.xpath: //button[text()='Log in']
Text of the element is:=
Clicking on the locator:=By.id: login2
Setting the text:=bhar232athedu1 in the locator:=By.id: loginusername
Setting the text:=899812 in the locator:=By.id: loginpassword
Clicking on the locator:=By.xpath: //button[text()='Log in']
Getting the text from Alert popup
Alert message is:=User does not exist.
Accepting the alert
Clicking on the locator:=By.id: login2
Setting the text:=bharathedu1 in the locator:=By.id: loginusername
Setting the text:=123456 in the locator:=By.id: loginpassword
Clicking on the locator:=By.xpath: //button[text()='Log in']
Text of the element is:=
Clicking on the locator:=By.id: login2
Setting the text:=bharathedu2 in the locator:=By.id: loginusername
Setting the text:=welcome1 in the locator:=By.id: loginpassword
Clicking on the locator:=By.xpath: //button[text()='Log in']
Text of the element is:=]]>
  </system-out>
</testsuite> <!-- runners.TestRunner1 -->
